INFO: [HLS 200-10] Running 'C:/Xilinx/Vivado/2019.1/bin/unwrapped/win64.o/vivado_hls.exe'
INFO: [HLS 200-10] For user 'aptay' on host 'desktop-l3omjc1' (Windows NT_amd64 version 6.2) on Fri Jan 29 18:16:14 +0000 2021
INFO: [HLS 200-10] In directory 'C:/HLS/HUD_PONG'
Sourcing Tcl script 'C:/HLS/HUD_PONG/pong_score/solution1/csim.tcl'
INFO: [HLS 200-10] Opening project 'C:/HLS/HUD_PONG/pong_score'.
INFO: [HLS 200-10] Opening solution 'C:/HLS/HUD_PONG/pong_score/solution1'.
INFO: [SYN 201-201] Setting up clock 'default' with a period of 10ns.
INFO: [HLS 200-10] Setting target device to 'xc7a35t-cpg236-1'
INFO: [SIM 211-2] *************** CSIM start ***************
INFO: [SIM 211-4] CSIM will launch GCC as the compiler.
   Compiling ../../../../tb.cpp in debug mode
   Compiling ../../../../hud.cpp in debug mode
   Generating csim.exe
In file included from C:/Xilinx/Vivado/2019.1/include/floating_point_v7_0_bitacc_cmodel.h:143:0,
                 from C:/Xilinx/Vivado/2019.1/include/hls_fpo.h:186,
                 from C:/Xilinx/Vivado/2019.1/include/hls_half.h:44,
                 from C:/Xilinx/Vivado/2019.1/include/etc/ap_private.h:90,
                 from C:/Xilinx/Vivado/2019.1/include/ap_common.h:641,
                 from C:/Xilinx/Vivado/2019.1/include/ap_int.h:54,
                 from C:/Xilinx/Vivado/2019.1/include/ap_axi_sdata.h:86,
                 from C:/Xilinx/Vivado/2019.1/include/hls/hls_axi_io.h:39,
                 from C:/Xilinx/Vivado/2019.1/include/hls_video.h:48,
                 from ../../../../hud.h:1,
                 from ../../../../tb.cpp:1:
C:/Xilinx/Vivado/2019.1/include/gmp.h:62:0: warning: "__GMP_LIBGMP_DLL" redefined
 #define __GMP_LIBGMP_DLL  0
 
In file included from C:/Xilinx/Vivado/2019.1/include/hls_fpo.h:186:0,
                 from C:/Xilinx/Vivado/2019.1/include/hls_half.h:44,
                 from C:/Xilinx/Vivado/2019.1/include/etc/ap_private.h:90,
                 from C:/Xilinx/Vivado/2019.1/include/ap_common.h:641,
                 from C:/Xilinx/Vivado/2019.1/include/ap_int.h:54,
                 from C:/Xilinx/Vivado/2019.1/include/ap_axi_sdata.h:86,
                 from C:/Xilinx/Vivado/2019.1/include/hls/hls_axi_io.h:39,
                 from C:/Xilinx/Vivado/2019.1/include/hls_video.h:48,
                 from ../../../../hud.h:1,
                 from ../../../../tb.cpp:1:
C:/Xilinx/Vivado/2019.1/include/floating_point_v7_0_bitacc_cmodel.h:135:0: note: this is the location of the previous definition
 #define __GMP_LIBGMP_DLL 1
 
In file included from C:/Xilinx/Vivado/2019.1/include/floating_point_v7_0_bitacc_cmodel.h:143:0,
                 from C:/Xilinx/Vivado/2019.1/include/hls_fpo.h:186,
                 from C:/Xilinx/Vivado/2019.1/include/hls_half.h:44,
                 from C:/Xilinx/Vivado/2019.1/include/etc/ap_private.h:90,
                 from C:/Xilinx/Vivado/2019.1/include/ap_common.h:641,
                 from C:/Xilinx/Vivado/2019.1/include/ap_int.h:54,
                 from C:/Xilinx/Vivado/2019.1/include/ap_axi_sdata.h:86,
                 from C:/Xilinx/Vivado/2019.1/include/hls/hls_axi_io.h:39,
                 from C:/Xilinx/Vivado/2019.1/include/hls_video.h:48,
                 from ../../../../hud.h:1,
                 from ../../../../hud.cpp:1:
C:/Xilinx/Vivado/2019.1/include/gmp.h:62:0: warning: "__GMP_LIBGMP_DLL" redefined
 #define __GMP_LIBGMP_DLL  0
 
In file included from C:/Xilinx/Vivado/2019.1/include/hls_fpo.h:186:0,
                 from C:/Xilinx/Vivado/2019.1/include/hls_half.h:44,
                 from C:/Xilinx/Vivado/2019.1/include/etc/ap_private.h:90,
                 from C:/Xilinx/Vivado/2019.1/include/ap_common.h:641,
                 from C:/Xilinx/Vivado/2019.1/include/ap_int.h:54,
                 from C:/Xilinx/Vivado/2019.1/include/ap_axi_sdata.h:86,
                 from C:/Xilinx/Vivado/2019.1/include/hls/hls_axi_io.h:39,
                 from C:/Xilinx/Vivado/2019.1/include/hls_video.h:48,
                 from ../../../../hud.h:1,
                 from ../../../../hud.cpp:1:
C:/Xilinx/Vivado/2019.1/include/floating_point_v7_0_bitacc_cmodel.h:135:0: note: this is the location of the previous definition
 #define __GMP_LIBGMP_DLL 1
 
INFO: [SIM 211-1] CSim done with 0 errors.
INFO: [SIM 211-3] *************** CSIM finish ***************
